2025-10-07 22:56:50,375 [main] INFO  o.s.t.c.s.AnnotationConfigContextLoaderUtils - Could not detect default configuration classes for test class [com.interview.hrank.cap1.C1CodeSignalTest]: C1CodeSignalTest does not declare any static, non-private, non-final, nested classes annotated with @Configuration.
2025-10-07 22:56:50,578 [main] INFO  o.s.t.c.s.AnnotationConfigContextLoaderUtils - Could not detect default configuration classes for test class [com.interview.hrank.cap1.Code1WarmUpSecondLargestTest]: Code1WarmUpSecondLargestTest does not declare any static, non-private, non-final, nested classes annotated with @Configuration.
2025-10-07 22:56:50,595 [main] INFO  o.s.t.c.s.AnnotationConfigContextLoaderUtils - Could not detect default configuration classes for test class [com.interview.hrank.cap1.Code2MediumLongestSubstringTest]: Code2MediumLongestSubstringTest does not declare any static, non-private, non-final, nested classes annotated with @Configuration.
2025-10-07 22:56:50,612 [main] INFO  o.s.t.c.s.AnnotationConfigContextLoaderUtils - Could not detect default configuration classes for test class [com.interview.hrank.cap1.Code3HardMaxPathSumTest]: Code3HardMaxPathSumTest does not declare any static, non-private, non-final, nested classes annotated with @Configuration.
2025-10-07 22:56:50,626 [main] INFO  o.s.t.c.s.AnnotationConfigContextLoaderUtils - Could not detect default configuration classes for test class [com.interview.hrank.cap1.Code4ExpertRateLimiterTest]: Code4ExpertRateLimiterTest does not declare any static, non-private, non-final, nested classes annotated with @Configuration.
2025-10-07 22:56:50,638 [main] INFO  o.s.t.c.s.AnnotationConfigContextLoaderUtils - Could not detect default configuration classes for test class [com.interview.hrank.codesignal.CodeSignalTest]: CodeSignalTest does not declare any static, non-private, non-final, nested classes annotated with @Configuration.
2025-10-07 22:56:50,670 [main] INFO  o.s.t.c.s.AnnotationConfigContextLoaderUtils - Could not detect default configuration classes for test class [com.interview.hrank.InventoryTest]: InventoryTest does not declare any static, non-private, non-final, nested classes annotated with @Configuration.
2025-10-07 22:56:50,687 [main] INFO  o.s.t.c.s.AnnotationConfigContextLoaderUtils - Could not detect default configuration classes for test class [com.interview.hrank.ItemTest]: ItemTest does not declare any static, non-private, non-final, nested classes annotated with @Configuration.
2025-10-07 22:56:50,769 [main] INFO  o.s.t.c.s.AnnotationConfigContextLoaderUtils - Could not detect default configuration classes for test class [com.interview.hrank.StoreRegisterTest]: StoreRegisterTest does not declare any static, non-private, non-final, nested classes annotated with @Configuration.
2025-10-07 22:56:50,896 [main] INFO  o.s.t.c.s.AnnotationConfigContextLoaderUtils - Could not detect default configuration classes for test class [com.sisllc.mathformulas.ci.ch04.BinarySearchTreeTest]: BinarySearchTreeTest does not declare any static, non-private, non-final, nested classes annotated with @Configuration.
2025-10-07 22:56:50,911 [main] INFO  o.s.t.c.s.AnnotationConfigContextLoaderUtils - Could not detect default configuration classes for test class [com.sisllc.mathformulas.ci.ch04.GraphSearchTest]: GraphSearchTest does not declare any static, non-private, non-final, nested classes annotated with @Configuration.
2025-10-07 22:56:50,926 [main] INFO  o.s.t.c.s.AnnotationConfigContextLoaderUtils - Could not detect default configuration classes for test class [com.sisllc.mathformulas.impl.FactorNumberIntoPrimeIntArrayTest]: FactorNumberIntoPrimeIntArrayTest does not declare any static, non-private, non-final, nested classes annotated with @Configuration.
2025-10-07 22:56:50,941 [main] INFO  o.s.t.c.s.AnnotationConfigContextLoaderUtils - Could not detect default configuration classes for test class [com.sisllc.mathformulas.impl.FibonacciRecursiveTest]: FibonacciRecursiveTest does not declare any static, non-private, non-final, nested classes annotated with @Configuration.
2025-10-07 22:56:50,957 [main] INFO  o.s.t.c.s.AnnotationConfigContextLoaderUtils - Could not detect default configuration classes for test class [com.sisllc.mathformulas.impl.MortgageCalculatorTest]: MortgageCalculatorTest does not declare any static, non-private, non-final, nested classes annotated with @Configuration.
2025-10-07 22:56:50,971 [main] INFO  o.s.t.c.s.AnnotationConfigContextLoaderUtils - Could not detect default configuration classes for test class [com.sisllc.mathformulas.impl.PrimeNumbersTest]: PrimeNumbersTest does not declare any static, non-private, non-final, nested classes annotated with @Configuration.
2025-10-07 22:56:50,983 [main] INFO  o.s.t.c.s.AnnotationConfigContextLoaderUtils - Could not detect default configuration classes for test class [com.sisllc.mathformulas.impl.ProductOfPrimesBetweenLToRTest]: ProductOfPrimesBetweenLToRTest does not declare any static, non-private, non-final, nested classes annotated with @Configuration.
2025-10-07 22:56:50,994 [main] INFO  o.s.t.c.s.AnnotationConfigContextLoaderUtils - Could not detect default configuration classes for test class [com.sisllc.mathformulas.impl.SumOfSquaresTest]: SumOfSquaresTest does not declare any static, non-private, non-final, nested classes annotated with @Configuration.
2025-10-07 22:56:51,007 [main] INFO  o.s.t.c.s.AnnotationConfigContextLoaderUtils - Could not detect default configuration classes for test class [com.sisllc.mathformulas.impl.UnionIntersDiffCompleTest]: UnionIntersDiffCompleTest does not declare any static, non-private, non-final, nested classes annotated with @Configuration.
2025-10-07 22:56:51,020 [main] INFO  o.s.t.c.s.AnnotationConfigContextLoaderUtils - Could not detect default configuration classes for test class [com.sisllc.mathformulas.stringfunc.CapitalizeFirstLetterTest]: CapitalizeFirstLetterTest does not declare any static, non-private, non-final, nested classes annotated with @Configuration.
2025-10-07 22:56:51,031 [main] INFO  o.s.t.c.s.AnnotationConfigContextLoaderUtils - Could not detect default configuration classes for test class [com.sisllc.mathformulas.stringfunc.ExampleTest]: ExampleTest does not declare any static, non-private, non-final, nested classes annotated with @Configuration.
2025-10-07 22:56:51,046 [main] INFO  o.s.t.c.s.AnnotationConfigContextLoaderUtils - Could not detect default configuration classes for test class [com.sisllc.mathformulas.utils.PhoneNumberExtensionTest]: PhoneNumberExtensionTest does not declare any static, non-private, non-final, nested classes annotated with @Configuration.
2025-10-07 22:56:51,059 [main] INFO  o.s.t.c.s.AnnotationConfigContextLoaderUtils - Could not detect default configuration classes for test class [com.sisllc.mathformulas.utils.ValidateNpiWithRegistryTest]: ValidateNpiWithRegistryTest does not declare any static, non-private, non-final, nested classes annotated with @Configuration.
2025-10-07 22:56:51,093 [main] INFO  o.s.t.c.s.AnnotationConfigContextLoaderUtils - Could not detect default configuration classes for test class [com.spring5.ProjectTest]: ProjectTest does not declare any static, non-private, non-final, nested classes annotated with @Configuration.
2025-10-07 22:56:51,142 [main] INFO  o.s.t.c.s.AnnotationConfigContextLoaderUtils - Could not detect default configuration classes for test class [com.interview.hrank.cap1.C1CodeSignalTest]: C1CodeSignalTest does not declare any static, non-private, non-final, nested classes annotated with @Configuration.
2025-10-07 22:56:51,152 [main] INFO  o.s.t.c.s.AnnotationConfigContextLoaderUtils - Could not detect default configuration classes for test class [com.interview.hrank.cap1.Code1WarmUpSecondLargestTest]: Code1WarmUpSecondLargestTest does not declare any static, non-private, non-final, nested classes annotated with @Configuration.
2025-10-07 22:56:51,160 [main] INFO  o.s.t.c.s.AnnotationConfigContextLoaderUtils - Could not detect default configuration classes for test class [com.interview.hrank.cap1.Code2MediumLongestSubstringTest]: Code2MediumLongestSubstringTest does not declare any static, non-private, non-final, nested classes annotated with @Configuration.
2025-10-07 22:56:51,169 [main] INFO  o.s.t.c.s.AnnotationConfigContextLoaderUtils - Could not detect default configuration classes for test class [com.interview.hrank.cap1.Code3HardMaxPathSumTest]: Code3HardMaxPathSumTest does not declare any static, non-private, non-final, nested classes annotated with @Configuration.
2025-10-07 22:56:51,177 [main] INFO  o.s.t.c.s.AnnotationConfigContextLoaderUtils - Could not detect default configuration classes for test class [com.interview.hrank.cap1.Code4ExpertRateLimiterTest]: Code4ExpertRateLimiterTest does not declare any static, non-private, non-final, nested classes annotated with @Configuration.
2025-10-07 22:56:51,185 [main] INFO  o.s.t.c.s.AnnotationConfigContextLoaderUtils - Could not detect default configuration classes for test class [com.interview.hrank.codesignal.CodeSignalTest]: CodeSignalTest does not declare any static, non-private, non-final, nested classes annotated with @Configuration.
2025-10-07 22:56:51,193 [main] INFO  o.s.t.c.s.AnnotationConfigContextLoaderUtils - Could not detect default configuration classes for test class [com.interview.hrank.InventoryTest]: InventoryTest does not declare any static, non-private, non-final, nested classes annotated with @Configuration.
2025-10-07 22:56:51,201 [main] INFO  o.s.t.c.s.AnnotationConfigContextLoaderUtils - Could not detect default configuration classes for test class [com.interview.hrank.ItemTest]: ItemTest does not declare any static, non-private, non-final, nested classes annotated with @Configuration.
2025-10-07 22:56:51,209 [main] INFO  o.s.t.c.s.AnnotationConfigContextLoaderUtils - Could not detect default configuration classes for test class [com.interview.hrank.StoreRegisterTest]: StoreRegisterTest does not declare any static, non-private, non-final, nested classes annotated with @Configuration.
2025-10-07 22:56:51,219 [main] INFO  o.s.t.c.s.AnnotationConfigContextLoaderUtils - Could not detect default configuration classes for test class [com.sisllc.mathformulas.ci.ch04.BinarySearchTreeTest]: BinarySearchTreeTest does not declare any static, non-private, non-final, nested classes annotated with @Configuration.
2025-10-07 22:56:51,228 [main] INFO  o.s.t.c.s.AnnotationConfigContextLoaderUtils - Could not detect default configuration classes for test class [com.sisllc.mathformulas.ci.ch04.GraphSearchTest]: GraphSearchTest does not declare any static, non-private, non-final, nested classes annotated with @Configuration.
2025-10-07 22:56:51,236 [main] INFO  o.s.t.c.s.AnnotationConfigContextLoaderUtils - Could not detect default configuration classes for test class [com.sisllc.mathformulas.impl.FactorNumberIntoPrimeIntArrayTest]: FactorNumberIntoPrimeIntArrayTest does not declare any static, non-private, non-final, nested classes annotated with @Configuration.
2025-10-07 22:56:51,245 [main] INFO  o.s.t.c.s.AnnotationConfigContextLoaderUtils - Could not detect default configuration classes for test class [com.sisllc.mathformulas.impl.FibonacciRecursiveTest]: FibonacciRecursiveTest does not declare any static, non-private, non-final, nested classes annotated with @Configuration.
2025-10-07 22:56:51,255 [main] INFO  o.s.t.c.s.AnnotationConfigContextLoaderUtils - Could not detect default configuration classes for test class [com.sisllc.mathformulas.impl.MortgageCalculatorTest]: MortgageCalculatorTest does not declare any static, non-private, non-final, nested classes annotated with @Configuration.
2025-10-07 22:56:51,264 [main] INFO  o.s.t.c.s.AnnotationConfigContextLoaderUtils - Could not detect default configuration classes for test class [com.sisllc.mathformulas.impl.PrimeNumbersTest]: PrimeNumbersTest does not declare any static, non-private, non-final, nested classes annotated with @Configuration.
2025-10-07 22:56:51,273 [main] INFO  o.s.t.c.s.AnnotationConfigContextLoaderUtils - Could not detect default configuration classes for test class [com.sisllc.mathformulas.impl.ProductOfPrimesBetweenLToRTest]: ProductOfPrimesBetweenLToRTest does not declare any static, non-private, non-final, nested classes annotated with @Configuration.
2025-10-07 22:56:51,281 [main] INFO  o.s.t.c.s.AnnotationConfigContextLoaderUtils - Could not detect default configuration classes for test class [com.sisllc.mathformulas.impl.SumOfSquaresTest]: SumOfSquaresTest does not declare any static, non-private, non-final, nested classes annotated with @Configuration.
2025-10-07 22:56:51,290 [main] INFO  o.s.t.c.s.AnnotationConfigContextLoaderUtils - Could not detect default configuration classes for test class [com.sisllc.mathformulas.impl.UnionIntersDiffCompleTest]: UnionIntersDiffCompleTest does not declare any static, non-private, non-final, nested classes annotated with @Configuration.
2025-10-07 22:56:51,297 [main] INFO  o.s.t.c.s.AnnotationConfigContextLoaderUtils - Could not detect default configuration classes for test class [com.sisllc.mathformulas.stringfunc.CapitalizeFirstLetterTest]: CapitalizeFirstLetterTest does not declare any static, non-private, non-final, nested classes annotated with @Configuration.
2025-10-07 22:56:51,305 [main] INFO  o.s.t.c.s.AnnotationConfigContextLoaderUtils - Could not detect default configuration classes for test class [com.sisllc.mathformulas.stringfunc.ExampleTest]: ExampleTest does not declare any static, non-private, non-final, nested classes annotated with @Configuration.
2025-10-07 22:56:51,314 [main] INFO  o.s.t.c.s.AnnotationConfigContextLoaderUtils - Could not detect default configuration classes for test class [com.sisllc.mathformulas.utils.PhoneNumberExtensionTest]: PhoneNumberExtensionTest does not declare any static, non-private, non-final, nested classes annotated with @Configuration.
2025-10-07 22:56:51,321 [main] INFO  o.s.t.c.s.AnnotationConfigContextLoaderUtils - Could not detect default configuration classes for test class [com.sisllc.mathformulas.utils.ValidateNpiWithRegistryTest]: ValidateNpiWithRegistryTest does not declare any static, non-private, non-final, nested classes annotated with @Configuration.
2025-10-07 22:56:51,328 [main] INFO  o.s.t.c.s.AnnotationConfigContextLoaderUtils - Could not detect default configuration classes for test class [com.spring5.ProjectTest]: ProjectTest does not declare any static, non-private, non-final, nested classes annotated with @Configuration.
2025-10-07 22:56:53,004 [main] WARN  o.s.b.t.j.DuplicateJsonObjectContextCustomizerFactory$DuplicateJsonObjectContextCustomizer - 

Found multiple occurrences of org.json.JSONObject on the class path:

	jar:file:/C:/Users/javau/.m2/repository/org/json/json/20160810/json-20160810.jar!/org/json/JSONObject.class
	jar:file:/C:/Users/javau/.m2/repository/com/vaadin/external/google/android-json/0.0.20131108.vaadin1/android-json-0.0.20131108.vaadin1.jar!/org/json/JSONObject.class
	jar:file:/C:/Users/javau/.m2/repository/org/json/org.json/chargebee-1.0/org.json-chargebee-1.0.jar!/org/json/JSONObject.class

You may wish to exclude one of them to ensure predictable runtime behavior

2025-10-07 22:56:57,359 [main] WARN  o.s.b.t.j.DuplicateJsonObjectContextCustomizerFactory$DuplicateJsonObjectContextCustomizer - 

Found multiple occurrences of org.json.JSONObject on the class path:

	jar:file:/C:/Users/javau/.m2/repository/org/json/json/20160810/json-20160810.jar!/org/json/JSONObject.class
	jar:file:/C:/Users/javau/.m2/repository/com/vaadin/external/google/android-json/0.0.20131108.vaadin1/android-json-0.0.20131108.vaadin1.jar!/org/json/JSONObject.class
	jar:file:/C:/Users/javau/.m2/repository/org/json/org.json/chargebee-1.0/org.json-chargebee-1.0.jar!/org/json/JSONObject.class

You may wish to exclude one of them to ensure predictable runtime behavior

